[2022-04-17 13:05:48] This is codeql execute queries -J-Xmx2048M --off-heap-ram=2048 --verbosity=progress --logdir=/Users/zhuangpenghai/Downloads/CodeQL/Vuln/micro/log --evaluator-log-level=1 --insecurely-execute-ml-model-checksums= --warnings=show --qlconfig-file=/Users/zhuangpenghai/Downloads/CodeQL/qlconfig.yml -- /Users/zhuangpenghai/Downloads/CodeQL/Vuln/micro/db-java /Users/zhuangpenghai/Downloads/CodeQL/Security/CWE/CWE-094/InsecureBeanValidation.ql
[2022-04-17 13:05:48] Calling plumbing command: codeql resolve queries --format=json -- /Users/zhuangpenghai/Downloads/CodeQL/Security/CWE/CWE-094/InsecureBeanValidation.ql
[2022-04-17 13:05:48] Plumbing command codeql resolve queries completed:
                      [
                        "/Users/zhuangpenghai/Downloads/CodeQL/Security/CWE/CWE-094/InsecureBeanValidation.ql"
                      ]
[2022-04-17 13:05:48] Refusing fancy output: $CODEQL_ISATTY terminal indication is missing
[2022-04-17 13:05:48] Creating executor with 1 threads.
[2022-04-17 13:05:48] Calling plumbing command: codeql resolve library-path --qlconfig-file=/Users/zhuangpenghai/Downloads/CodeQL/qlconfig.yml --query=/Users/zhuangpenghai/Downloads/CodeQL/Security/CWE/CWE-094/InsecureBeanValidation.ql --format=json
[2022-04-17 13:05:48] [DETAILS] resolve library-path> Resolving query at normalized path /Users/zhuangpenghai/Downloads/CodeQL/Security/CWE/CWE-094/InsecureBeanValidation.ql.
[2022-04-17 13:05:48] [DETAILS] resolve library-path> Found no enclosing pack; trying after symlink resolution with /Users/zhuangpenghai/Downloads/CodeQL/Security/CWE/CWE-094/InsecureBeanValidation.ql.
[2022-04-17 13:05:48] [DETAILS] resolve library-path> Found enclosing pack 'CWE-094' at /Users/zhuangpenghai/Downloads/CodeQL/Security/CWE/CWE-094.
[2022-04-17 13:05:48] [DETAILS] resolve library-path> Adding compilation cache at /Users/zhuangpenghai/Downloads/CodeQL/Security/CWE/CWE-094/.cache.
[2022-04-17 13:05:48] [DETAILS] resolve library-path> Resolving library dependencies from /Users/zhuangpenghai/Downloads/CodeQL/Security/CWE/CWE-094/InsecureBeanValidation.ql.
[2022-04-17 13:05:48] [DETAILS] resolve library-path> QL pack dependencies for /Users/zhuangpenghai/Downloads/CodeQL/Security/CWE/CWE-094 resolved OK.
[2022-04-17 13:05:48] [DETAILS] resolve library-path> Found no dbscheme through dependencies.
[2022-04-17 13:05:48] Plumbing command codeql resolve library-path completed:
                      {
                        "libraryPath" : [
                          "/Users/zhuangpenghai/Downloads/CodeQL/Security/CWE/CWE-094"
                        ],
                        "compilationCache" : [
                          "/Users/zhuangpenghai/Downloads/CodeQL/Security/CWE/CWE-094/.cache"
                        ],
                        "relativeName" : "CWE-094/InsecureBeanValidation.ql",
                        "possibleAdvice" : "There should probably be a qlpack.yml file declaring dependencies in /Users/zhuangpenghai/Downloads/CodeQL/Security/CWE/CWE-094 or an enclosing directory.",
                        "qlPackName" : "CWE-094"
                      }
[2022-04-17 13:05:48] [PROGRESS] execute queries> Compiling query plan for /Users/zhuangpenghai/Downloads/CodeQL/Security/CWE/CWE-094/InsecureBeanValidation.ql.
[2022-04-17 13:05:48] [DETAILS] execute queries> Resolving imports for /Users/zhuangpenghai/Downloads/CodeQL/Security/CWE/CWE-094/InsecureBeanValidation.ql.
[2022-04-17 13:05:48] Resolved file set for /Users/zhuangpenghai/Downloads/CodeQL/Security/CWE/CWE-094/InsecureBeanValidation.ql hashes to 5734b322d879675d380d621aae5901b471ca005b.
[2022-04-17 13:05:48] [DETAILS] execute queries> Checking QL for /Users/zhuangpenghai/Downloads/CodeQL/Security/CWE/CWE-094/InsecureBeanValidation.ql.
[2022-04-17 13:05:49] ExternalModuleBindingPass ...
[2022-04-17 13:05:49] ExternalModuleBindingPass time: 00:00.006
[2022-04-17 13:05:49] QLPredicateSynthesiser ...
[2022-04-17 13:05:49] QLPredicateSynthesiser time: 00:00.006
[2022-04-17 13:05:49] DeclarationBindingPass ...
[2022-04-17 13:05:49] DeclarationBindingPass time: 00:00.013
[2022-04-17 13:05:49] Fixed point time ...
[2022-04-17 13:05:49] Fixed point time time: 00:00.014
[2022-04-17 13:05:49] ReferenceBindingPass ...
[2022-04-17 13:05:49] ReferenceBindingPass time: 00:00.000
[2022-04-17 13:05:49] EntityTypeUpdateBindingPass ...
[2022-04-17 13:05:49] EntityTypeUpdateBindingPass time: 00:00.010
[2022-04-17 13:05:49] DeclarationBindingPass ...
[2022-04-17 13:05:49] DeclarationBindingPass time: 00:00.001
[2022-04-17 13:05:49] PredicateBodyBindingPass ...
[2022-04-17 13:05:49] PredicateBodyBindingPass time: 00:00.039
[2022-04-17 13:05:49] LanguagePragmaPropagationPass ...
[2022-04-17 13:05:49] LanguagePragmaPropagationPass time: 00:00.000
[2022-04-17 13:05:49] Ambiguity checks ...
[2022-04-17 13:05:49] Ambiguity checks time: 00:00.004
[2022-04-17 13:05:49] Ql checks ...
[2022-04-17 13:05:49] Ql checks time: 00:00.020
[2022-04-17 13:05:49] [ERROR] execute queries> ERROR: Could not resolve module semmle.code.java.dataflow.TaintTracking. There should probably be a qlpack.yml file declaring dependencies in /Users/zhuangpenghai/Downloads/CodeQL/Security/CWE/CWE-094 or an enclosing directory. (/Users/zhuangpenghai/Downloads/CodeQL/Security/CWE/CWE-094/InsecureBeanValidation.ql:14,8-47)
[2022-04-17 13:05:49] [ERROR] execute queries> ERROR: Could not resolve module semmle.code.java.dataflow.FlowSources. There should probably be a qlpack.yml file declaring dependencies in /Users/zhuangpenghai/Downloads/CodeQL/Security/CWE/CWE-094 or an enclosing directory. (/Users/zhuangpenghai/Downloads/CodeQL/Security/CWE/CWE-094/InsecureBeanValidation.ql:15,8-45)
[2022-04-17 13:05:49] [ERROR] execute queries> ERROR: Could not resolve module semmle.code.java.dataflow.ExternalFlow. There should probably be a qlpack.yml file declaring dependencies in /Users/zhuangpenghai/Downloads/CodeQL/Security/CWE/CWE-094 or an enclosing directory. (/Users/zhuangpenghai/Downloads/CodeQL/Security/CWE/CWE-094/InsecureBeanValidation.ql:17,16-54)
[2022-04-17 13:05:49] [ERROR] execute queries> ERROR: Could not resolve module java. There should probably be a qlpack.yml file declaring dependencies in /Users/zhuangpenghai/Downloads/CodeQL/Security/CWE/CWE-094 or an enclosing directory. (/Users/zhuangpenghai/Downloads/CodeQL/Security/CWE/CWE-094/InsecureBeanValidation.ql:13,8-12)
[2022-04-17 13:05:49] [ERROR] execute queries> ERROR: Could not resolve module DataFlow. There should probably be a qlpack.yml file declaring dependencies in /Users/zhuangpenghai/Downloads/CodeQL/Security/CWE/CWE-094 or an enclosing directory. (/Users/zhuangpenghai/Downloads/CodeQL/Security/CWE/CWE-094/InsecureBeanValidation.ql:16,8-16)
[2022-04-17 13:05:49] [ERROR] execute queries> ERROR: Could not resolve type RefType (/Users/zhuangpenghai/Downloads/CodeQL/Security/CWE/CWE-094/InsecureBeanValidation.ql:22,41-48)
[2022-04-17 13:05:49] [ERROR] execute queries> ERROR: Could not resolve type MethodAccess (/Users/zhuangpenghai/Downloads/CodeQL/Security/CWE/CWE-094/InsecureBeanValidation.ql:33,42-54)
[2022-04-17 13:05:49] [ERROR] execute queries> ERROR: Could not resolve type Method (/Users/zhuangpenghai/Downloads/CodeQL/Security/CWE/CWE-094/InsecureBeanValidation.ql:35,12-18)
[2022-04-17 13:05:49] [ERROR] execute queries> ERROR: Could not resolve type RefType (/Users/zhuangpenghai/Downloads/CodeQL/Security/CWE/CWE-094/InsecureBeanValidation.ql:35,22-29)
[2022-04-17 13:05:49] [ERROR] execute queries> ERROR: Could not resolve module TaintTracking. There should probably be a qlpack.yml file declaring dependencies in /Users/zhuangpenghai/Downloads/CodeQL/Security/CWE/CWE-094 or an enclosing directory. (/Users/zhuangpenghai/Downloads/CodeQL/Security/CWE/CWE-094/InsecureBeanValidation.ql:59,36-49)
[2022-04-17 13:05:49] [ERROR] execute queries> ERROR: Could not resolve module DataFlow. There should probably be a qlpack.yml file declaring dependencies in /Users/zhuangpenghai/Downloads/CodeQL/Security/CWE/CWE-094 or an enclosing directory. (/Users/zhuangpenghai/Downloads/CodeQL/Security/CWE/CWE-094/InsecureBeanValidation.ql:62,31-39)
[2022-04-17 13:05:49] [ERROR] execute queries> ERROR: Could not resolve type RemoteFlowSource (/Users/zhuangpenghai/Downloads/CodeQL/Security/CWE/CWE-094/InsecureBeanValidation.ql:62,74-90)
[2022-04-17 13:05:49] [ERROR] execute queries> ERROR: Could not resolve module DataFlow. There should probably be a qlpack.yml file declaring dependencies in /Users/zhuangpenghai/Downloads/CodeQL/Security/CWE/CWE-094 or an enclosing directory. (/Users/zhuangpenghai/Downloads/CodeQL/Security/CWE/CWE-094/InsecureBeanValidation.ql:64,29-37)
[2022-04-17 13:05:49] [ERROR] execute queries> ERROR: Could not resolve module DataFlow. There should probably be a qlpack.yml file declaring dependencies in /Users/zhuangpenghai/Downloads/CodeQL/Security/CWE/CWE-094 or an enclosing directory. (/Users/zhuangpenghai/Downloads/CodeQL/Security/CWE/CWE-094/InsecureBeanValidation.ql:71,42-50)
[2022-04-17 13:05:49] [ERROR] execute queries> ERROR: Could not resolve module DataFlow. There should probably be a qlpack.yml file declaring dependencies in /Users/zhuangpenghai/Downloads/CodeQL/Security/CWE/CWE-094 or an enclosing directory. (/Users/zhuangpenghai/Downloads/CodeQL/Security/CWE/CWE-094/InsecureBeanValidation.ql:75,32-40)
[2022-04-17 13:05:49] [ERROR] execute queries> ERROR: Could not resolve module DataFlow. There should probably be a qlpack.yml file declaring dependencies in /Users/zhuangpenghai/Downloads/CodeQL/Security/CWE/CWE-094 or an enclosing directory. (/Users/zhuangpenghai/Downloads/CodeQL/Security/CWE/CWE-094/InsecureBeanValidation.ql:75,59-67)
[2022-04-17 13:05:49] [ERROR] execute queries> ERROR: getASourceSupertype() cannot be resolved for type ELMessageInterpolatorType.extends (/Users/zhuangpenghai/Downloads/CodeQL/Security/CWE/CWE-094/InsecureBeanValidation.ql:24,10-29)
[2022-04-17 13:05:49] [ERROR] execute queries> ERROR: getMethod() cannot be resolved for type SetMessageInterpolatorCall.extends (/Users/zhuangpenghai/Downloads/CodeQL/Security/CWE/CWE-094/InsecureBeanValidation.ql:36,12-21)
[2022-04-17 13:05:49] [ERROR] execute queries> ERROR: getAnArgument() cannot be resolved for type SetMessageInterpolatorCall (/Users/zhuangpenghai/Downloads/CodeQL/Security/CWE/CWE-094/InsecureBeanValidation.ql:52,33-46)
[2022-04-17 13:05:49] [ERROR] execute queries> ERROR: Could not resolve predicate sinkNode/2 (/Users/zhuangpenghai/Downloads/CodeQL/Security/CWE/CWE-094/InsecureBeanValidation.ql:72,26-34)
[2022-04-17 13:05:49] [ERROR] execute queries> ERROR: hasFlowPath(<unknown>, <unknown>) cannot be resolved for type BeanValidationConfig (/Users/zhuangpenghai/Downloads/CodeQL/Security/CWE/CWE-094/InsecureBeanValidation.ql:82,7-18)
[2022-04-17 13:05:49] [ERROR] execute queries> ERROR: ELMessageInterpolatorType must implement toString() (/Users/zhuangpenghai/Downloads/CodeQL/Security/CWE/CWE-094/InsecureBeanValidation.ql:22,7-32)
[2022-04-17 13:05:49] [ERROR] execute queries> ERROR: SetMessageInterpolatorCall must implement toString() (/Users/zhuangpenghai/Downloads/CodeQL/Security/CWE/CWE-094/InsecureBeanValidation.ql:33,7-33)
[2022-04-17 13:05:49] [ERROR] execute queries> ERROR: BeanValidationConfig must implement toString() (/Users/zhuangpenghai/Downloads/CodeQL/Security/CWE/CWE-094/InsecureBeanValidation.ql:59,7-27)
[2022-04-17 13:05:49] [ERROR] execute queries> ERROR: This predicate does not override another predicate (/Users/zhuangpenghai/Downloads/CodeQL/Security/CWE/CWE-094/InsecureBeanValidation.ql:62,3-92)
[2022-04-17 13:05:49] [ERROR] execute queries> ERROR: This predicate does not override another predicate (/Users/zhuangpenghai/Downloads/CodeQL/Security/CWE/CWE-094/InsecureBeanValidation.ql:64,3-88)
[2022-04-17 13:05:49] [ERROR] execute queries> ERROR: BeanValidationSink must implement toString() (/Users/zhuangpenghai/Downloads/CodeQL/Security/CWE/CWE-094/InsecureBeanValidation.ql:71,15-33)
[2022-04-17 13:05:49] Sequence stamp origin is -6466451441779339996
[2022-04-17 13:05:49] Pausing evaluation to close the cache at sequence stamp o+0
[2022-04-17 13:05:49] The disk cache is freshly trimmed; leave it be.
[2022-04-17 13:05:49] Unpausing evaluation
[2022-04-17 13:05:49] Exiting with code 2
