[2022-04-17 13:06:51] This is codeql execute queries -J-Xmx2048M --off-heap-ram=2048 --verbosity=progress --logdir=/Users/zhuangpenghai/Downloads/CodeQL/Vuln/micro/log --evaluator-log-level=1 --insecurely-execute-ml-model-checksums= --warnings=show --qlconfig-file=/Users/zhuangpenghai/Downloads/CodeQL/qlconfig.yml -- /Users/zhuangpenghai/Downloads/CodeQL/Vuln/micro/db-java /Users/zhuangpenghai/Downloads/CodeQL/Security/CWE/CWE-297/UnsafeHostnameVerification.ql
[2022-04-17 13:06:51] Calling plumbing command: codeql resolve queries --format=json -- /Users/zhuangpenghai/Downloads/CodeQL/Security/CWE/CWE-297/UnsafeHostnameVerification.ql
[2022-04-17 13:06:51] Plumbing command codeql resolve queries completed:
                      [
                        "/Users/zhuangpenghai/Downloads/CodeQL/Security/CWE/CWE-297/UnsafeHostnameVerification.ql"
                      ]
[2022-04-17 13:06:51] Refusing fancy output: $CODEQL_ISATTY terminal indication is missing
[2022-04-17 13:06:51] Creating executor with 1 threads.
[2022-04-17 13:06:51] Calling plumbing command: codeql resolve library-path --qlconfig-file=/Users/zhuangpenghai/Downloads/CodeQL/qlconfig.yml --query=/Users/zhuangpenghai/Downloads/CodeQL/Security/CWE/CWE-297/UnsafeHostnameVerification.ql --format=json
[2022-04-17 13:06:51] [DETAILS] resolve library-path> Resolving query at normalized path /Users/zhuangpenghai/Downloads/CodeQL/Security/CWE/CWE-297/UnsafeHostnameVerification.ql.
[2022-04-17 13:06:51] [DETAILS] resolve library-path> Found no enclosing pack; trying after symlink resolution with /Users/zhuangpenghai/Downloads/CodeQL/Security/CWE/CWE-297/UnsafeHostnameVerification.ql.
[2022-04-17 13:06:51] [DETAILS] resolve library-path> Found enclosing pack 'CWE-297' at /Users/zhuangpenghai/Downloads/CodeQL/Security/CWE/CWE-297.
[2022-04-17 13:06:51] [DETAILS] resolve library-path> Adding compilation cache at /Users/zhuangpenghai/Downloads/CodeQL/Security/CWE/CWE-297/.cache.
[2022-04-17 13:06:51] [DETAILS] resolve library-path> Resolving library dependencies from /Users/zhuangpenghai/Downloads/CodeQL/Security/CWE/CWE-297/UnsafeHostnameVerification.ql.
[2022-04-17 13:06:51] [DETAILS] resolve library-path> QL pack dependencies for /Users/zhuangpenghai/Downloads/CodeQL/Security/CWE/CWE-297 resolved OK.
[2022-04-17 13:06:51] [DETAILS] resolve library-path> Found no dbscheme through dependencies.
[2022-04-17 13:06:51] Plumbing command codeql resolve library-path completed:
                      {
                        "libraryPath" : [
                          "/Users/zhuangpenghai/Downloads/CodeQL/Security/CWE/CWE-297"
                        ],
                        "compilationCache" : [
                          "/Users/zhuangpenghai/Downloads/CodeQL/Security/CWE/CWE-297/.cache"
                        ],
                        "relativeName" : "CWE-297/UnsafeHostnameVerification.ql",
                        "possibleAdvice" : "There should probably be a qlpack.yml file declaring dependencies in /Users/zhuangpenghai/Downloads/CodeQL/Security/CWE/CWE-297 or an enclosing directory.",
                        "qlPackName" : "CWE-297"
                      }
[2022-04-17 13:06:51] [PROGRESS] execute queries> Compiling query plan for /Users/zhuangpenghai/Downloads/CodeQL/Security/CWE/CWE-297/UnsafeHostnameVerification.ql.
[2022-04-17 13:06:51] [DETAILS] execute queries> Resolving imports for /Users/zhuangpenghai/Downloads/CodeQL/Security/CWE/CWE-297/UnsafeHostnameVerification.ql.
[2022-04-17 13:06:52] Resolved file set for /Users/zhuangpenghai/Downloads/CodeQL/Security/CWE/CWE-297/UnsafeHostnameVerification.ql hashes to 19fb02422ed3b5cb983dac202b43450615f0fafb.
[2022-04-17 13:06:52] [DETAILS] execute queries> Checking QL for /Users/zhuangpenghai/Downloads/CodeQL/Security/CWE/CWE-297/UnsafeHostnameVerification.ql.
[2022-04-17 13:06:52] ExternalModuleBindingPass ...
[2022-04-17 13:06:52] ExternalModuleBindingPass time: 00:00.006
[2022-04-17 13:06:52] QLPredicateSynthesiser ...
[2022-04-17 13:06:52] QLPredicateSynthesiser time: 00:00.006
[2022-04-17 13:06:52] DeclarationBindingPass ...
[2022-04-17 13:06:52] DeclarationBindingPass time: 00:00.018
[2022-04-17 13:06:52] Fixed point time ...
[2022-04-17 13:06:52] Fixed point time time: 00:00.014
[2022-04-17 13:06:52] ReferenceBindingPass ...
[2022-04-17 13:06:52] ReferenceBindingPass time: 00:00.001
[2022-04-17 13:06:52] EntityTypeUpdateBindingPass ...
[2022-04-17 13:06:52] EntityTypeUpdateBindingPass time: 00:00.015
[2022-04-17 13:06:52] DeclarationBindingPass ...
[2022-04-17 13:06:52] DeclarationBindingPass time: 00:00.006
[2022-04-17 13:06:52] PredicateBodyBindingPass ...
[2022-04-17 13:06:52] PredicateBodyBindingPass time: 00:00.043
[2022-04-17 13:06:52] LanguagePragmaPropagationPass ...
[2022-04-17 13:06:52] LanguagePragmaPropagationPass time: 00:00.002
[2022-04-17 13:06:52] Ambiguity checks ...
[2022-04-17 13:06:52] Ambiguity checks time: 00:00.004
[2022-04-17 13:06:52] Ql checks ...
[2022-04-17 13:06:53] Ql checks time: 00:00.028
[2022-04-17 13:06:53] [ERROR] execute queries> ERROR: Could not resolve module semmle.code.java.controlflow.Guards. There should probably be a qlpack.yml file declaring dependencies in /Users/zhuangpenghai/Downloads/CodeQL/Security/CWE/CWE-297 or an enclosing directory. (/Users/zhuangpenghai/Downloads/CodeQL/Security/CWE/CWE-297/UnsafeHostnameVerification.ql:14,8-43)
[2022-04-17 13:06:53] [ERROR] execute queries> ERROR: Could not resolve module semmle.code.java.dataflow.DataFlow. There should probably be a qlpack.yml file declaring dependencies in /Users/zhuangpenghai/Downloads/CodeQL/Security/CWE/CWE-297 or an enclosing directory. (/Users/zhuangpenghai/Downloads/CodeQL/Security/CWE/CWE-297/UnsafeHostnameVerification.ql:15,8-42)
[2022-04-17 13:06:53] [ERROR] execute queries> ERROR: Could not resolve module semmle.code.java.dataflow.FlowSources. There should probably be a qlpack.yml file declaring dependencies in /Users/zhuangpenghai/Downloads/CodeQL/Security/CWE/CWE-297 or an enclosing directory. (/Users/zhuangpenghai/Downloads/CodeQL/Security/CWE/CWE-297/UnsafeHostnameVerification.ql:16,8-45)
[2022-04-17 13:06:53] [ERROR] execute queries> ERROR: Could not resolve module semmle.code.java.security.Encryption. There should probably be a qlpack.yml file declaring dependencies in /Users/zhuangpenghai/Downloads/CodeQL/Security/CWE/CWE-297 or an enclosing directory. (/Users/zhuangpenghai/Downloads/CodeQL/Security/CWE/CWE-297/UnsafeHostnameVerification.ql:17,8-44)
[2022-04-17 13:06:53] [ERROR] execute queries> ERROR: Could not resolve module semmle.code.java.security.SecurityFlag. There should probably be a qlpack.yml file declaring dependencies in /Users/zhuangpenghai/Downloads/CodeQL/Security/CWE/CWE-297 or an enclosing directory. (/Users/zhuangpenghai/Downloads/CodeQL/Security/CWE/CWE-297/UnsafeHostnameVerification.ql:18,8-46)
[2022-04-17 13:06:53] [ERROR] execute queries> ERROR: Could not resolve module semmle.code.java.dataflow.ExternalFlow. There should probably be a qlpack.yml file declaring dependencies in /Users/zhuangpenghai/Downloads/CodeQL/Security/CWE/CWE-297 or an enclosing directory. (/Users/zhuangpenghai/Downloads/CodeQL/Security/CWE/CWE-297/UnsafeHostnameVerification.ql:20,16-54)
[2022-04-17 13:06:53] [ERROR] execute queries> ERROR: Could not resolve module java. There should probably be a qlpack.yml file declaring dependencies in /Users/zhuangpenghai/Downloads/CodeQL/Security/CWE/CWE-297 or an enclosing directory. (/Users/zhuangpenghai/Downloads/CodeQL/Security/CWE/CWE-297/UnsafeHostnameVerification.ql:13,8-12)
[2022-04-17 13:06:53] [ERROR] execute queries> ERROR: Could not resolve module DataFlow. There should probably be a qlpack.yml file declaring dependencies in /Users/zhuangpenghai/Downloads/CodeQL/Security/CWE/CWE-297 or an enclosing directory. (/Users/zhuangpenghai/Downloads/CodeQL/Security/CWE/CWE-297/UnsafeHostnameVerification.ql:19,8-16)
[2022-04-17 13:06:53] [ERROR] execute queries> ERROR: Could not resolve type RefType (/Users/zhuangpenghai/Downloads/CodeQL/Security/CWE/CWE-297/UnsafeHostnameVerification.ql:35,40-47)
[2022-04-17 13:06:53] [ERROR] execute queries> ERROR: Could not resolve type HostnameVerifier (/Users/zhuangpenghai/Downloads/CodeQL/Security/CWE/CWE-297/UnsafeHostnameVerification.ql:37,38-54)
[2022-04-17 13:06:53] [ERROR] execute queries> ERROR: Could not resolve type HostnameVerifierVerify (/Users/zhuangpenghai/Downloads/CodeQL/Security/CWE/CWE-297/UnsafeHostnameVerification.ql:38,12-34)
[2022-04-17 13:06:53] [ERROR] execute queries> ERROR: Could not resolve module DataFlow. There should probably be a qlpack.yml file declaring dependencies in /Users/zhuangpenghai/Downloads/CodeQL/Security/CWE/CWE-297 or an enclosing directory. (/Users/zhuangpenghai/Downloads/CodeQL/Security/CWE/CWE-297/UnsafeHostnameVerification.ql:48,53-61)
[2022-04-17 13:06:53] [ERROR] execute queries> ERROR: Could not resolve module DataFlow. There should probably be a qlpack.yml file declaring dependencies in /Users/zhuangpenghai/Downloads/CodeQL/Security/CWE/CWE-297 or an enclosing directory. (/Users/zhuangpenghai/Downloads/CodeQL/Security/CWE/CWE-297/UnsafeHostnameVerification.ql:51,31-39)
[2022-04-17 13:06:53] [ERROR] execute queries> ERROR: Could not resolve type ClassInstanceExpr (/Users/zhuangpenghai/Downloads/CodeQL/Security/CWE/CWE-297/UnsafeHostnameVerification.ql:52,22-39)
[2022-04-17 13:06:53] [ERROR] execute queries> ERROR: Could not resolve module DataFlow. There should probably be a qlpack.yml file declaring dependencies in /Users/zhuangpenghai/Downloads/CodeQL/Security/CWE/CWE-297 or an enclosing directory. (/Users/zhuangpenghai/Downloads/CodeQL/Security/CWE/CWE-297/UnsafeHostnameVerification.ql:55,29-37)
[2022-04-17 13:06:53] [ERROR] execute queries> ERROR: Could not resolve module DataFlow. There should probably be a qlpack.yml file declaring dependencies in /Users/zhuangpenghai/Downloads/CodeQL/Security/CWE/CWE-297 or an enclosing directory. (/Users/zhuangpenghai/Downloads/CodeQL/Security/CWE/CWE-297/UnsafeHostnameVerification.ql:57,32-40)
[2022-04-17 13:06:53] [ERROR] execute queries> ERROR: Could not resolve module DataFlow. There should probably be a qlpack.yml file declaring dependencies in /Users/zhuangpenghai/Downloads/CodeQL/Security/CWE/CWE-297 or an enclosing directory. (/Users/zhuangpenghai/Downloads/CodeQL/Security/CWE/CWE-297/UnsafeHostnameVerification.ql:86,44-52)
[2022-04-17 13:06:53] [ERROR] execute queries> ERROR: Could not resolve type FlagKind (/Users/zhuangpenghai/Downloads/CodeQL/Security/CWE/CWE-297/UnsafeHostnameVerification.ql:93,54-62)
[2022-04-17 13:06:53] [ERROR] execute queries> ERROR: Could not resolve type HostnameVerifierVerify (/Users/zhuangpenghai/Downloads/CodeQL/Security/CWE/CWE-297/UnsafeHostnameVerification.ql:25,37-59)
[2022-04-17 13:06:53] [ERROR] execute queries> ERROR: Could not resolve type ReturnStmt (/Users/zhuangpenghai/Downloads/CodeQL/Security/CWE/CWE-297/UnsafeHostnameVerification.ql:26,9-19)
[2022-04-17 13:06:53] [ERROR] execute queries> ERROR: Could not resolve type CompileTimeConstantExpr (/Users/zhuangpenghai/Downloads/CodeQL/Security/CWE/CWE-297/UnsafeHostnameVerification.ql:27,21-44)
[2022-04-17 13:06:53] [ERROR] execute queries> ERROR: Could not resolve type Guard (/Users/zhuangpenghai/Downloads/CodeQL/Security/CWE/CWE-297/UnsafeHostnameVerification.ql:105,9-14)
[2022-04-17 13:06:53] [ERROR] execute queries> ERROR: Could not resolve module DataFlow. There should probably be a qlpack.yml file declaring dependencies in /Users/zhuangpenghai/Downloads/CodeQL/Security/CWE/CWE-297 or an enclosing directory. (/Users/zhuangpenghai/Downloads/CodeQL/Security/CWE/CWE-297/UnsafeHostnameVerification.ql:110,39-47)
[2022-04-17 13:06:53] [ERROR] execute queries> ERROR: Could not resolve type Guard (/Users/zhuangpenghai/Downloads/CodeQL/Security/CWE/CWE-297/UnsafeHostnameVerification.ql:111,10-15)
[2022-04-17 13:06:53] [ERROR] execute queries> ERROR: Could not resolve module DataFlow. There should probably be a qlpack.yml file declaring dependencies in /Users/zhuangpenghai/Downloads/CodeQL/Security/CWE/CWE-297 or an enclosing directory. (/Users/zhuangpenghai/Downloads/CodeQL/Security/CWE/CWE-297/UnsafeHostnameVerification.ql:117,3-11)
[2022-04-17 13:06:53] [ERROR] execute queries> ERROR: Could not resolve module DataFlow. There should probably be a qlpack.yml file declaring dependencies in /Users/zhuangpenghai/Downloads/CodeQL/Security/CWE/CWE-297 or an enclosing directory. (/Users/zhuangpenghai/Downloads/CodeQL/Security/CWE/CWE-297/UnsafeHostnameVerification.ql:117,30-38)
[2022-04-17 13:06:53] [ERROR] execute queries> ERROR: Could not resolve type RefType (/Users/zhuangpenghai/Downloads/CodeQL/Security/CWE/CWE-297/UnsafeHostnameVerification.ql:118,3-10)
[2022-04-17 13:06:53] [ERROR] execute queries> ERROR: Could not resolve type ClassInstanceExpr (/Users/zhuangpenghai/Downloads/CodeQL/Security/CWE/CWE-297/UnsafeHostnameVerification.ql:122,41-58)
[2022-04-17 13:06:53] [ERROR] execute queries> ERROR: getASupertype() cannot be resolved for type TrustAllHostnameVerifier.extends (/Users/zhuangpenghai/Downloads/CodeQL/Security/CWE/CWE-297/UnsafeHostnameVerification.ql:37,10-23)
[2022-04-17 13:06:53] [ERROR] execute queries> ERROR: Could not resolve predicate sinkNode/2 (/Users/zhuangpenghai/Downloads/CodeQL/Security/CWE/CWE-297/UnsafeHostnameVerification.ql:87,28-36)
[2022-04-17 13:06:53] [ERROR] execute queries> ERROR: getAFlag() cannot be resolved for type UnsafeHostnameVerificationFlag (/Users/zhuangpenghai/Downloads/CodeQL/Security/CWE/CWE-297/UnsafeHostnameVerification.ql:106,53-61)
[2022-04-17 13:06:53] [ERROR] execute queries> ERROR: Could not resolve predicate getASecurityFeatureFlagGuard/0 (/Users/zhuangpenghai/Downloads/CodeQL/Security/CWE/CWE-297/UnsafeHostnameVerification.ql:112,9-37)
[2022-04-17 13:06:53] [ERROR] execute queries> ERROR: hasFlowPath(<unknown>, <unknown>) cannot be resolved for type TrustAllHostnameVerifierConfiguration (/Users/zhuangpenghai/Downloads/CodeQL/Security/CWE/CWE-297/UnsafeHostnameVerification.ql:120,7-18)
[2022-04-17 13:06:53] [ERROR] execute queries> ERROR: TrustAllHostnameVerifier must implement toString() (/Users/zhuangpenghai/Downloads/CodeQL/Security/CWE/CWE-297/UnsafeHostnameVerification.ql:35,7-31)
[2022-04-17 13:06:53] [ERROR] execute queries> ERROR: TrustAllHostnameVerifierConfiguration must implement toString() (/Users/zhuangpenghai/Downloads/CodeQL/Security/CWE/CWE-297/UnsafeHostnameVerification.ql:48,7-44)
[2022-04-17 13:06:53] [ERROR] execute queries> ERROR: This predicate does not override another predicate (/Users/zhuangpenghai/Downloads/CodeQL/Security/CWE/CWE-297/UnsafeHostnameVerification.ql:51,3-53,4)
[2022-04-17 13:06:53] [ERROR] execute queries> ERROR: This predicate does not override another predicate (/Users/zhuangpenghai/Downloads/CodeQL/Security/CWE/CWE-297/UnsafeHostnameVerification.ql:55,3-90)
[2022-04-17 13:06:53] [ERROR] execute queries> ERROR: This predicate does not override another predicate (/Users/zhuangpenghai/Downloads/CodeQL/Security/CWE/CWE-297/UnsafeHostnameVerification.ql:57,3-80,4)
[2022-04-17 13:06:53] [ERROR] execute queries> ERROR: HostnameVerifierSink must implement toString() (/Users/zhuangpenghai/Downloads/CodeQL/Security/CWE/CWE-297/UnsafeHostnameVerification.ql:86,15-35)
[2022-04-17 13:06:53] [ERROR] execute queries> ERROR: UnsafeHostnameVerificationFlag must implement toString() (/Users/zhuangpenghai/Downloads/CodeQL/Security/CWE/CWE-297/UnsafeHostnameVerification.ql:93,15-45)
[2022-04-17 13:06:53] [ERROR] execute queries> ERROR: This predicate does not override another predicate (/Users/zhuangpenghai/Downloads/CodeQL/Security/CWE/CWE-297/UnsafeHostnameVerification.ql:96,3-101,4)
[2022-04-17 13:06:53] [ERROR] execute queries> ERROR: 'result' cannot be used in this context (/Users/zhuangpenghai/Downloads/CodeQL/Security/CWE/CWE-297/UnsafeHostnameVerification.ql:106,3-9)
[2022-04-17 13:06:53] Sequence stamp origin is -6466451170782936731
[2022-04-17 13:06:53] Pausing evaluation to close the cache at sequence stamp o+0
[2022-04-17 13:06:53] The disk cache is freshly trimmed; leave it be.
[2022-04-17 13:06:53] Unpausing evaluation
[2022-04-17 13:06:53] Exiting with code 2
