[2022-04-17 13:06:07] This is codeql execute queries -J-Xmx2048M --off-heap-ram=2048 --verbosity=progress --logdir=/Users/zhuangpenghai/Downloads/CodeQL/Vuln/micro/log --evaluator-log-level=1 --insecurely-execute-ml-model-checksums= --warnings=show --qlconfig-file=/Users/zhuangpenghai/Downloads/CodeQL/qlconfig.yml -- /Users/zhuangpenghai/Downloads/CodeQL/Vuln/micro/db-java /Users/zhuangpenghai/Downloads/CodeQL/Security/CWE/CWE-209/StackTraceExposure.ql
[2022-04-17 13:06:07] Calling plumbing command: codeql resolve queries --format=json -- /Users/zhuangpenghai/Downloads/CodeQL/Security/CWE/CWE-209/StackTraceExposure.ql
[2022-04-17 13:06:07] Plumbing command codeql resolve queries completed:
                      [
                        "/Users/zhuangpenghai/Downloads/CodeQL/Security/CWE/CWE-209/StackTraceExposure.ql"
                      ]
[2022-04-17 13:06:07] Refusing fancy output: $CODEQL_ISATTY terminal indication is missing
[2022-04-17 13:06:07] Creating executor with 1 threads.
[2022-04-17 13:06:08] Calling plumbing command: codeql resolve library-path --qlconfig-file=/Users/zhuangpenghai/Downloads/CodeQL/qlconfig.yml --query=/Users/zhuangpenghai/Downloads/CodeQL/Security/CWE/CWE-209/StackTraceExposure.ql --format=json
[2022-04-17 13:06:08] [DETAILS] resolve library-path> Resolving query at normalized path /Users/zhuangpenghai/Downloads/CodeQL/Security/CWE/CWE-209/StackTraceExposure.ql.
[2022-04-17 13:06:08] [DETAILS] resolve library-path> Found no enclosing pack; trying after symlink resolution with /Users/zhuangpenghai/Downloads/CodeQL/Security/CWE/CWE-209/StackTraceExposure.ql.
[2022-04-17 13:06:08] [DETAILS] resolve library-path> Found enclosing pack 'CWE-209' at /Users/zhuangpenghai/Downloads/CodeQL/Security/CWE/CWE-209.
[2022-04-17 13:06:08] [DETAILS] resolve library-path> Adding compilation cache at /Users/zhuangpenghai/Downloads/CodeQL/Security/CWE/CWE-209/.cache.
[2022-04-17 13:06:08] [DETAILS] resolve library-path> Resolving library dependencies from /Users/zhuangpenghai/Downloads/CodeQL/Security/CWE/CWE-209/StackTraceExposure.ql.
[2022-04-17 13:06:08] [DETAILS] resolve library-path> QL pack dependencies for /Users/zhuangpenghai/Downloads/CodeQL/Security/CWE/CWE-209 resolved OK.
[2022-04-17 13:06:08] [DETAILS] resolve library-path> Found no dbscheme through dependencies.
[2022-04-17 13:06:08] Plumbing command codeql resolve library-path completed:
                      {
                        "libraryPath" : [
                          "/Users/zhuangpenghai/Downloads/CodeQL/Security/CWE/CWE-209"
                        ],
                        "compilationCache" : [
                          "/Users/zhuangpenghai/Downloads/CodeQL/Security/CWE/CWE-209/.cache"
                        ],
                        "relativeName" : "CWE-209/StackTraceExposure.ql",
                        "possibleAdvice" : "There should probably be a qlpack.yml file declaring dependencies in /Users/zhuangpenghai/Downloads/CodeQL/Security/CWE/CWE-209 or an enclosing directory.",
                        "qlPackName" : "CWE-209"
                      }
[2022-04-17 13:06:08] [PROGRESS] execute queries> Compiling query plan for /Users/zhuangpenghai/Downloads/CodeQL/Security/CWE/CWE-209/StackTraceExposure.ql.
[2022-04-17 13:06:08] [DETAILS] execute queries> Resolving imports for /Users/zhuangpenghai/Downloads/CodeQL/Security/CWE/CWE-209/StackTraceExposure.ql.
[2022-04-17 13:06:08] Resolved file set for /Users/zhuangpenghai/Downloads/CodeQL/Security/CWE/CWE-209/StackTraceExposure.ql hashes to 14059b900dd30d4b51c893cfc4c8dac6dca1cab3.
[2022-04-17 13:06:08] [DETAILS] execute queries> Checking QL for /Users/zhuangpenghai/Downloads/CodeQL/Security/CWE/CWE-209/StackTraceExposure.ql.
[2022-04-17 13:06:09] ExternalModuleBindingPass ...
[2022-04-17 13:06:09] ExternalModuleBindingPass time: 00:00.007
[2022-04-17 13:06:09] QLPredicateSynthesiser ...
[2022-04-17 13:06:09] QLPredicateSynthesiser time: 00:00.006
[2022-04-17 13:06:09] DeclarationBindingPass ...
[2022-04-17 13:06:09] DeclarationBindingPass time: 00:00.014
[2022-04-17 13:06:09] Fixed point time ...
[2022-04-17 13:06:09] Fixed point time time: 00:00.013
[2022-04-17 13:06:09] ReferenceBindingPass ...
[2022-04-17 13:06:09] ReferenceBindingPass time: 00:00.001
[2022-04-17 13:06:09] EntityTypeUpdateBindingPass ...
[2022-04-17 13:06:09] EntityTypeUpdateBindingPass time: 00:00.013
[2022-04-17 13:06:09] DeclarationBindingPass ...
[2022-04-17 13:06:09] DeclarationBindingPass time: 00:00.006
[2022-04-17 13:06:09] PredicateBodyBindingPass ...
[2022-04-17 13:06:09] PredicateBodyBindingPass time: 00:00.037
[2022-04-17 13:06:09] LanguagePragmaPropagationPass ...
[2022-04-17 13:06:09] LanguagePragmaPropagationPass time: 00:00.002
[2022-04-17 13:06:09] Ambiguity checks ...
[2022-04-17 13:06:09] Ambiguity checks time: 00:00.006
[2022-04-17 13:06:09] Ql checks ...
[2022-04-17 13:06:09] Ql checks time: 00:00.028
[2022-04-17 13:06:09] [ERROR] execute queries> ERROR: Could not resolve module semmle.code.java.dataflow.DataFlow. There should probably be a qlpack.yml file declaring dependencies in /Users/zhuangpenghai/Downloads/CodeQL/Security/CWE/CWE-209 or an enclosing directory. (/Users/zhuangpenghai/Downloads/CodeQL/Security/CWE/CWE-209/StackTraceExposure.ql:17,8-42)
[2022-04-17 13:06:09] [ERROR] execute queries> ERROR: Could not resolve module semmle.code.java.dataflow.TaintTracking. There should probably be a qlpack.yml file declaring dependencies in /Users/zhuangpenghai/Downloads/CodeQL/Security/CWE/CWE-209 or an enclosing directory. (/Users/zhuangpenghai/Downloads/CodeQL/Security/CWE/CWE-209/StackTraceExposure.ql:18,8-47)
[2022-04-17 13:06:09] [ERROR] execute queries> ERROR: Could not resolve module semmle.code.java.security.InformationLeak. There should probably be a qlpack.yml file declaring dependencies in /Users/zhuangpenghai/Downloads/CodeQL/Security/CWE/CWE-209 or an enclosing directory. (/Users/zhuangpenghai/Downloads/CodeQL/Security/CWE/CWE-209/StackTraceExposure.ql:19,8-49)
[2022-04-17 13:06:09] [ERROR] execute queries> ERROR: Could not resolve module java. There should probably be a qlpack.yml file declaring dependencies in /Users/zhuangpenghai/Downloads/CodeQL/Security/CWE/CWE-209 or an enclosing directory. (/Users/zhuangpenghai/Downloads/CodeQL/Security/CWE/CWE-209/StackTraceExposure.ql:16,8-12)
[2022-04-17 13:06:09] [ERROR] execute queries> ERROR: Could not resolve type Method (/Users/zhuangpenghai/Downloads/CodeQL/Security/CWE/CWE-209/StackTraceExposure.ql:24,37-43)
[2022-04-17 13:06:09] [ERROR] execute queries> ERROR: Could not resolve module TaintTracking. There should probably be a qlpack.yml file declaring dependencies in /Users/zhuangpenghai/Downloads/CodeQL/Security/CWE/CWE-209 or an enclosing directory. (/Users/zhuangpenghai/Downloads/CodeQL/Security/CWE/CWE-209/StackTraceExposure.ql:34,68-81)
[2022-04-17 13:06:09] [ERROR] execute queries> ERROR: Could not resolve module DataFlow. There should probably be a qlpack.yml file declaring dependencies in /Users/zhuangpenghai/Downloads/CodeQL/Security/CWE/CWE-209 or an enclosing directory. (/Users/zhuangpenghai/Downloads/CodeQL/Security/CWE/CWE-209/StackTraceExposure.ql:39,31-39)
[2022-04-17 13:06:09] [ERROR] execute queries> ERROR: Could not resolve type XssVulnerableWriterSource (/Users/zhuangpenghai/Downloads/CodeQL/Security/CWE/CWE-209/StackTraceExposure.ql:40,29-54)
[2022-04-17 13:06:09] [ERROR] execute queries> ERROR: Could not resolve module DataFlow. There should probably be a qlpack.yml file declaring dependencies in /Users/zhuangpenghai/Downloads/CodeQL/Security/CWE/CWE-209 or an enclosing directory. (/Users/zhuangpenghai/Downloads/CodeQL/Security/CWE/CWE-209/StackTraceExposure.ql:43,29-37)
[2022-04-17 13:06:09] [ERROR] execute queries> ERROR: Could not resolve type MethodAccess (/Users/zhuangpenghai/Downloads/CodeQL/Security/CWE/CWE-209/StackTraceExposure.ql:44,12-24)
[2022-04-17 13:06:09] [ERROR] execute queries> ERROR: Could not resolve module TaintTracking. There should probably be a qlpack.yml file declaring dependencies in /Users/zhuangpenghai/Downloads/CodeQL/Security/CWE/CWE-209 or an enclosing directory. (/Users/zhuangpenghai/Downloads/CodeQL/Security/CWE/CWE-209/StackTraceExposure.ql:89,60-73)
[2022-04-17 13:06:09] [ERROR] execute queries> ERROR: Could not resolve module DataFlow. There should probably be a qlpack.yml file declaring dependencies in /Users/zhuangpenghai/Downloads/CodeQL/Security/CWE/CWE-209 or an enclosing directory. (/Users/zhuangpenghai/Downloads/CodeQL/Security/CWE/CWE-209/StackTraceExposure.ql:94,31-39)
[2022-04-17 13:06:09] [ERROR] execute queries> ERROR: Could not resolve module DataFlow. There should probably be a qlpack.yml file declaring dependencies in /Users/zhuangpenghai/Downloads/CodeQL/Security/CWE/CWE-209 or an enclosing directory. (/Users/zhuangpenghai/Downloads/CodeQL/Security/CWE/CWE-209/StackTraceExposure.ql:96,29-37)
[2022-04-17 13:06:09] [ERROR] execute queries> ERROR: Could not resolve type InformationLeakSink (/Users/zhuangpenghai/Downloads/CodeQL/Security/CWE/CWE-209/StackTraceExposure.ql:96,68-87)
[2022-04-17 13:06:09] [ERROR] execute queries> ERROR: Could not resolve type MethodAccess (/Users/zhuangpenghai/Downloads/CodeQL/Security/CWE/CWE-209/StackTraceExposure.ql:118,36-48)
[2022-04-17 13:06:09] [ERROR] execute queries> ERROR: Could not resolve type Method (/Users/zhuangpenghai/Downloads/CodeQL/Security/CWE/CWE-209/StackTraceExposure.ql:120,12-18)
[2022-04-17 13:06:09] [ERROR] execute queries> ERROR: Could not resolve module TaintTracking. There should probably be a qlpack.yml file declaring dependencies in /Users/zhuangpenghai/Downloads/CodeQL/Security/CWE/CWE-209 or an enclosing directory. (/Users/zhuangpenghai/Downloads/CodeQL/Security/CWE/CWE-209/StackTraceExposure.ql:129,64-77)
[2022-04-17 13:06:09] [ERROR] execute queries> ERROR: Could not resolve module DataFlow. There should probably be a qlpack.yml file declaring dependencies in /Users/zhuangpenghai/Downloads/CodeQL/Security/CWE/CWE-209 or an enclosing directory. (/Users/zhuangpenghai/Downloads/CodeQL/Security/CWE/CWE-209/StackTraceExposure.ql:134,31-39)
[2022-04-17 13:06:09] [ERROR] execute queries> ERROR: Could not resolve module DataFlow. There should probably be a qlpack.yml file declaring dependencies in /Users/zhuangpenghai/Downloads/CodeQL/Security/CWE/CWE-209 or an enclosing directory. (/Users/zhuangpenghai/Downloads/CodeQL/Security/CWE/CWE-209/StackTraceExposure.ql:136,29-37)
[2022-04-17 13:06:09] [ERROR] execute queries> ERROR: Could not resolve type InformationLeakSink (/Users/zhuangpenghai/Downloads/CodeQL/Security/CWE/CWE-209/StackTraceExposure.ql:136,68-87)
[2022-04-17 13:06:09] [ERROR] execute queries> ERROR: Could not resolve type MethodAccess (/Users/zhuangpenghai/Downloads/CodeQL/Security/CWE/CWE-209/StackTraceExposure.ql:54,31-43)
[2022-04-17 13:06:09] [ERROR] execute queries> ERROR: Could not resolve type Expr (/Users/zhuangpenghai/Downloads/CodeQL/Security/CWE/CWE-209/StackTraceExposure.ql:68,37-41)
[2022-04-17 13:06:09] [ERROR] execute queries> ERROR: Could not resolve type Variable (/Users/zhuangpenghai/Downloads/CodeQL/Security/CWE/CWE-209/StackTraceExposure.ql:68,55-63)
[2022-04-17 13:06:09] [ERROR] execute queries> ERROR: Could not resolve type Class (/Users/zhuangpenghai/Downloads/CodeQL/Security/CWE/CWE-209/StackTraceExposure.ql:69,26-31)
[2022-04-17 13:06:09] [ERROR] execute queries> ERROR: Could not resolve type Class (/Users/zhuangpenghai/Downloads/CodeQL/Security/CWE/CWE-209/StackTraceExposure.ql:70,30-35)
[2022-04-17 13:06:09] [ERROR] execute queries> ERROR: Could not resolve type ClassInstanceExpr (/Users/zhuangpenghai/Downloads/CodeQL/Security/CWE/CWE-209/StackTraceExposure.ql:72,18-35)
[2022-04-17 13:06:09] [ERROR] execute queries> ERROR: Could not resolve type VarAccess (/Users/zhuangpenghai/Downloads/CodeQL/Security/CWE/CWE-209/StackTraceExposure.ql:73,44-53)
[2022-04-17 13:06:09] [ERROR] execute queries> ERROR: Could not resolve type Expr (/Users/zhuangpenghai/Downloads/CodeQL/Security/CWE/CWE-209/StackTraceExposure.ql:78,26-30)
[2022-04-17 13:06:09] [ERROR] execute queries> ERROR: Could not resolve type MethodAccess (/Users/zhuangpenghai/Downloads/CodeQL/Security/CWE/CWE-209/StackTraceExposure.ql:78,42-54)
[2022-04-17 13:06:09] [ERROR] execute queries> ERROR: Could not resolve type Expr (/Users/zhuangpenghai/Downloads/CodeQL/Security/CWE/CWE-209/StackTraceExposure.ql:79,10-14)
[2022-04-17 13:06:09] [ERROR] execute queries> ERROR: Could not resolve type Variable (/Users/zhuangpenghai/Downloads/CodeQL/Security/CWE/CWE-209/StackTraceExposure.ql:79,28-36)
[2022-04-17 13:06:09] [ERROR] execute queries> ERROR: Could not resolve type MethodAccess (/Users/zhuangpenghai/Downloads/CodeQL/Security/CWE/CWE-209/StackTraceExposure.ql:79,54-66)
[2022-04-17 13:06:09] [ERROR] execute queries> ERROR: Could not resolve type ToStringMethod (/Users/zhuangpenghai/Downloads/CodeQL/Security/CWE/CWE-209/StackTraceExposure.ql:85,45-59)
[2022-04-17 13:06:09] [ERROR] execute queries> ERROR: Could not resolve type MethodAccess (/Users/zhuangpenghai/Downloads/CodeQL/Security/CWE/CWE-209/StackTraceExposure.ql:102,33-45)
[2022-04-17 13:06:09] [ERROR] execute queries> ERROR: Could not resolve type Expr (/Users/zhuangpenghai/Downloads/CodeQL/Security/CWE/CWE-209/StackTraceExposure.ql:102,52-56)
[2022-04-17 13:06:09] [ERROR] execute queries> ERROR: Could not resolve type SuperAccess (/Users/zhuangpenghai/Downloads/CodeQL/Security/CWE/CWE-209/StackTraceExposure.ql:105,38-49)
[2022-04-17 13:06:09] [ERROR] execute queries> ERROR: Could not resolve module DataFlow. There should probably be a qlpack.yml file declaring dependencies in /Users/zhuangpenghai/Downloads/CodeQL/Security/CWE/CWE-209 or an enclosing directory. (/Users/zhuangpenghai/Downloads/CodeQL/Security/CWE/CWE-209/StackTraceExposure.ql:111,43-51)
[2022-04-17 13:06:09] [ERROR] execute queries> ERROR: Could not resolve type Expr (/Users/zhuangpenghai/Downloads/CodeQL/Security/CWE/CWE-209/StackTraceExposure.ql:111,72-76)
[2022-04-17 13:06:09] [ERROR] execute queries> ERROR: Could not resolve type MethodAccess (/Users/zhuangpenghai/Downloads/CodeQL/Security/CWE/CWE-209/StackTraceExposure.ql:112,10-22)
[2022-04-17 13:06:09] [ERROR] execute queries> ERROR: Could not resolve module DataFlow. There should probably be a qlpack.yml file declaring dependencies in /Users/zhuangpenghai/Downloads/CodeQL/Security/CWE/CWE-209 or an enclosing directory. (/Users/zhuangpenghai/Downloads/CodeQL/Security/CWE/CWE-209/StackTraceExposure.ql:114,18-26)
[2022-04-17 13:06:09] [ERROR] execute queries> ERROR: Could not resolve module DataFlow. There should probably be a qlpack.yml file declaring dependencies in /Users/zhuangpenghai/Downloads/CodeQL/Security/CWE/CWE-209 or an enclosing directory. (/Users/zhuangpenghai/Downloads/CodeQL/Security/CWE/CWE-209/StackTraceExposure.ql:142,37-45)
[2022-04-17 13:06:09] [ERROR] execute queries> ERROR: Could not resolve module DataFlow. There should probably be a qlpack.yml file declaring dependencies in /Users/zhuangpenghai/Downloads/CodeQL/Security/CWE/CWE-209 or an enclosing directory. (/Users/zhuangpenghai/Downloads/CodeQL/Security/CWE/CWE-209/StackTraceExposure.ql:144,16-24)
[2022-04-17 13:06:09] [ERROR] execute queries> ERROR: Could not resolve type Expr (/Users/zhuangpenghai/Downloads/CodeQL/Security/CWE/CWE-209/StackTraceExposure.ql:147,6-10)
[2022-04-17 13:06:09] [ERROR] execute queries> ERROR: Could not resolve type Expr (/Users/zhuangpenghai/Downloads/CodeQL/Security/CWE/CWE-209/StackTraceExposure.ql:147,25-29)
[2022-04-17 13:06:09] [ERROR] execute queries> ERROR: Could not resolve module DataFlow. There should probably be a qlpack.yml file declaring dependencies in /Users/zhuangpenghai/Downloads/CodeQL/Security/CWE/CWE-209 or an enclosing directory. (/Users/zhuangpenghai/Downloads/CodeQL/Security/CWE/CWE-209/StackTraceExposure.ql:150,35-43)
[2022-04-17 13:06:09] [ERROR] execute queries> ERROR: Could not resolve module DataFlow. There should probably be a qlpack.yml file declaring dependencies in /Users/zhuangpenghai/Downloads/CodeQL/Security/CWE/CWE-209 or an enclosing directory. (/Users/zhuangpenghai/Downloads/CodeQL/Security/CWE/CWE-209/StackTraceExposure.ql:151,29-37)
[2022-04-17 13:06:09] [ERROR] execute queries> ERROR: getDeclaringType() cannot be resolved for type PrintStackTraceMethod.extends (/Users/zhuangpenghai/Downloads/CodeQL/Security/CWE/CWE-209/StackTraceExposure.ql:26,10-26)
[2022-04-17 13:06:09] [ERROR] execute queries> ERROR: getName() cannot be resolved for type PrintStackTraceMethod.extends (/Users/zhuangpenghai/Downloads/CodeQL/Security/CWE/CWE-209/StackTraceExposure.ql:30,10-17)
[2022-04-17 13:06:09] [ERROR] execute queries> ERROR: getMethod() cannot be resolved for type GetMessageFlowSource.extends (/Users/zhuangpenghai/Downloads/CodeQL/Security/CWE/CWE-209/StackTraceExposure.ql:121,21-30)
[2022-04-17 13:06:09] [ERROR] execute queries> ERROR: hasFlowToExpr(<unknown>) cannot be resolved for type ServletWriterSourceToPrintStackTraceMethodFlowConfig (/Users/zhuangpenghai/Downloads/CodeQL/Security/CWE/CWE-209/StackTraceExposure.ql:60,18-31)
[2022-04-17 13:06:09] [ERROR] execute queries> ERROR: hasFlow(<unknown>, <unknown>) cannot be resolved for type StackTraceStringToHttpResponseSinkFlowConfig (/Users/zhuangpenghai/Downloads/CodeQL/Security/CWE/CWE-209/StackTraceExposure.ql:114,10-17)
[2022-04-17 13:06:09] [ERROR] execute queries> ERROR: hasFlow(<unknown>, <unknown>) cannot be resolved for type GetMessageFlowSourceToHttpResponseSinkFlowConfig (/Users/zhuangpenghai/Downloads/CodeQL/Security/CWE/CWE-209/StackTraceExposure.ql:144,8-15)
[2022-04-17 13:06:09] [ERROR] execute queries> ERROR: PrintStackTraceMethod must implement toString() (/Users/zhuangpenghai/Downloads/CodeQL/Security/CWE/CWE-209/StackTraceExposure.ql:24,7-28)
[2022-04-17 13:06:09] [ERROR] execute queries> ERROR: ServletWriterSourceToPrintStackTraceMethodFlowConfig must implement toString() (/Users/zhuangpenghai/Downloads/CodeQL/Security/CWE/CWE-209/StackTraceExposure.ql:34,7-59)
[2022-04-17 13:06:09] [ERROR] execute queries> ERROR: This predicate does not override another predicate (/Users/zhuangpenghai/Downloads/CodeQL/Security/CWE/CWE-209/StackTraceExposure.ql:39,3-41,4)
[2022-04-17 13:06:09] [ERROR] execute queries> ERROR: This predicate does not override another predicate (/Users/zhuangpenghai/Downloads/CodeQL/Security/CWE/CWE-209/StackTraceExposure.ql:43,3-47,4)
[2022-04-17 13:06:09] [ERROR] execute queries> ERROR: StackTraceStringToHttpResponseSinkFlowConfig must implement toString() (/Users/zhuangpenghai/Downloads/CodeQL/Security/CWE/CWE-209/StackTraceExposure.ql:89,7-51)
[2022-04-17 13:06:09] [ERROR] execute queries> ERROR: This predicate does not override another predicate (/Users/zhuangpenghai/Downloads/CodeQL/Security/CWE/CWE-209/StackTraceExposure.ql:94,3-86)
[2022-04-17 13:06:09] [ERROR] execute queries> ERROR: This predicate does not override another predicate (/Users/zhuangpenghai/Downloads/CodeQL/Security/CWE/CWE-209/StackTraceExposure.ql:96,3-89)
[2022-04-17 13:06:09] [ERROR] execute queries> ERROR: GetMessageFlowSource must implement toString() (/Users/zhuangpenghai/Downloads/CodeQL/Security/CWE/CWE-209/StackTraceExposure.ql:118,7-27)
[2022-04-17 13:06:09] [ERROR] execute queries> ERROR: GetMessageFlowSourceToHttpResponseSinkFlowConfig must implement toString() (/Users/zhuangpenghai/Downloads/CodeQL/Security/CWE/CWE-209/StackTraceExposure.ql:129,7-55)
[2022-04-17 13:06:09] [ERROR] execute queries> ERROR: This predicate does not override another predicate (/Users/zhuangpenghai/Downloads/CodeQL/Security/CWE/CWE-209/StackTraceExposure.ql:134,3-99)
[2022-04-17 13:06:09] [ERROR] execute queries> ERROR: This predicate does not override another predicate (/Users/zhuangpenghai/Downloads/CodeQL/Security/CWE/CWE-209/StackTraceExposure.ql:136,3-89)
[2022-04-17 13:06:09] [WARN] execute queries> WARNING: Unused variable getMessage (/Users/zhuangpenghai/Downloads/CodeQL/Security/CWE/CWE-209/StackTraceExposure.ql:142,87-97)
[2022-04-17 13:06:09] Sequence stamp origin is -6466451358637783986
[2022-04-17 13:06:09] Pausing evaluation to close the cache at sequence stamp o+0
[2022-04-17 13:06:09] The disk cache is freshly trimmed; leave it be.
[2022-04-17 13:06:09] Unpausing evaluation
[2022-04-17 13:06:09] Exiting with code 2
